App.jsx:11607 Unable to preventDefault inside passive event listener invocation.
preventDefault @ chunk-DSUIPI7G.js:12649
(anonymous) @ App.jsx:11607
callCallback2 @ chunk-DSUIPI7G.js:10563
invokeGuardedCallbackDev @ chunk-DSUIPI7G.js:10588
invokeGuardedCallback @ chunk-DSUIPI7G.js:10622
invokeGuardedCallbackAndCatchFirstError @ chunk-DSUIPI7G.js:10625
executeDispatch @ chunk-DSUIPI7G.js:13903
processDispatchQueueItemsInOrder @ chunk-DSUIPI7G.js:13923
processDispatchQueue @ chunk-DSUIPI7G.js:13932
dispatchEventsForPlugins @ chunk-DSUIPI7G.js:13940
(anonymous) @ chunk-DSUIPI7G.js:14063
batchedUpdates$1 @ chunk-DSUIPI7G.js:25802
batchedUpdates @ chunk-DSUIPI7G.js:10468
dispatchEventForPluginEventSystem @ chunk-DSUIPI7G.js:14062
dispatchEventWithEnableCapturePhaseSelectiveHydrationWithoutDiscreteEventReplay @ chunk-DSUIPI7G.js:12367
dispatchEvent @ chunk-DSUIPI7G.js:12361
dispatchContinuousEvent @ chunk-DSUIPI7G.js:12350
Show 16 more frames
App.jsx:11607 Unable to preventDefault inside passive event listener invocation.
preventDefault @ chunk-DSUIPI7G.js:12649
(anonymous) @ App.jsx:11607
callCallback2 @ chunk-DSUIPI7G.js:10563
invokeGuardedCallbackDev @ chunk-DSUIPI7G.js:10588
invokeGuardedCallback @ chunk-DSUIPI7G.js:10622
invokeGuardedCallbackAndCatchFirstError @ chunk-DSUIPI7G.js:10625
executeDispatch @ chunk-DSUIPI7G.js:13903
processDispatchQueueItemsInOrder @ chunk-DSUIPI7G.js:13923
processDispatchQueue @ chunk-DSUIPI7G.js:13932
dispatchEventsForPlugins @ chunk-DSUIPI7G.js:13940
(anonymous) @ chunk-DSUIPI7G.js:14063
batchedUpdates$1 @ chunk-DSUIPI7G.js:25802
batchedUpdates @ chunk-DSUIPI7G.js:10468
dispatchEventForPluginEventSystem @ chunk-DSUIPI7G.js:14062
dispatchEventWithEnableCapturePhaseSelectiveHydrationWithoutDiscreteEventReplay @ chunk-DSUIPI7G.js:12367
dispatchEvent @ chunk-DSUIPI7G.js:12361
dispatchContinuousEvent @ chunk-DSUIPI7G.js:12350
Show 16 more frames
App.jsx:11607 Unable to preventDefault inside passive event listener invocation.
preventDefault @ chunk-DSUIPI7G.js:12649
(anonymous) @ App.jsx:11607
callCallback2 @ chunk-DSUIPI7G.js:10563
invokeGuardedCallbackDev @ chunk-DSUIPI7G.js:10588
invokeGuardedCallback @ chunk-DSUIPI7G.js:10622
invokeGuardedCallbackAndCatchFirstError @ chunk-DSUIPI7G.js:10625
executeDispatch @ chunk-DSUIPI7G.js:13903
processDispatchQueueItemsInOrder @ chunk-DSUIPI7G.js:13923
processDispatchQueue @ chunk-DSUIPI7G.js:13932
dispatchEventsForPlugins @ chunk-DSUIPI7G.js:13940
(anonymous) @ chunk-DSUIPI7G.js:14063
batchedUpdates$1 @ chunk-DSUIPI7G.js:25802
batchedUpdates @ chunk-DSUIPI7G.js:10468
dispatchEventForPluginEventSystem @ chunk-DSUIPI7G.js:14062
dispatchEventWithEnableCapturePhaseSelectiveHydrationWithoutDiscreteEventReplay @ chunk-DSUIPI7G.js:12367
dispatchEvent @ chunk-DSUIPI7G.js:12361
dispatchContinuousEvent @ chunk-DSUIPI7G.js:12350
Show 16 more frames
App.jsx:11607 Unable to preventDefault inside passive event listener invocation.
preventDefault @ chunk-DSUIPI7G.js:12649
(anonymous) @ App.jsx:11607
callCallback2 @ chunk-DSUIPI7G.js:10563
invokeGuardedCallbackDev @ chunk-DSUIPI7G.js:10588
invokeGuardedCallback @ chunk-DSUIPI7G.js:10622
invokeGuardedCallbackAndCatchFirstError @ chunk-DSUIPI7G.js:10625
executeDispatch @ chunk-DSUIPI7G.js:13903
processDispatchQueueItemsInOrder @ chunk-DSUIPI7G.js:13923
processDispatchQueue @ chunk-DSUIPI7G.js:13932
dispatchEventsForPlugins @ chunk-DSUIPI7G.js:13940
(anonymous) @ chunk-DSUIPI7G.js:14063
batchedUpdates$1 @ chunk-DSUIPI7G.js:25802
batchedUpdates @ chunk-DSUIPI7G.js:10468
dispatchEventForPluginEventSystem @ chunk-DSUIPI7G.js:14062
dispatchEventWithEnableCapturePhaseSelectiveHydrationWithoutDiscreteEventReplay @ chunk-DSUIPI7G.js:12367
dispatchEvent @ chunk-DSUIPI7G.js:12361
dispatchContinuousEvent @ chunk-DSUIPI7G.js:12350
Show 16 more frames
